<?xml version="1.0" encoding="UTF-8"?>
<!-- Generated by org.testng.reporters.JUnitReportReporter -->
<testsuite skipped="2" hostname="ip-192-168-0-28.eu-west-1.compute.internal" name="selenium.test.LoginPageTest" tests="3" failures="0" timestamp="2022-04-20T12:49:52 ART" time="33.460" errors="0">
  <testcase name="verifyMessageEmptyEmail" time="33.460" classname="selenium.test.LoginPageTest"/>
  <system-out/>
  <testcase name="verifyNotRegisterUser" classname="selenium.test.LoginPageTest">
    <skipped/>
  </testcase> <!-- verifyNotRegisterUser -->
  <system-out/>
  <testcase name="verifyMessageEmptyPass" classname="selenium.test.LoginPageTest">
    <skipped/>
  </testcase> <!-- verifyMessageEmptyPass -->
  <system-out/>
</testsuite> <!-- selenium.test.LoginPageTest -->
