<?xml version="1.0" encoding="UTF-8"?>
<!-- Generated by org.testng.reporters.JUnitReportReporter -->
<testsuite skipped="3" hostname="ip-192-168-0-28.eu-west-1.compute.internal" name="selenium.test.HomePageTest" tests="4" failures="0" timestamp="2022-04-20T12:49:52 ART" time="26.515" errors="0">
  <testcase name="verifySignInOptionIsPresent" time="26.515" classname="selenium.test.HomePageTest"/>
  <system-out/>
  <testcase name="verifyLogoChildPageTrust" classname="selenium.test.HomePageTest">
    <skipped/>
  </testcase> <!-- verifyLogoChildPageTrust -->
  <system-out/>
  <testcase name="verifyLogoChildPageB" classname="selenium.test.HomePageTest">
    <skipped/>
  </testcase> <!-- verifyLogoChildPageB -->
  <system-out/>
  <testcase name="verifyLogoIsPresent" classname="selenium.test.HomePageTest">
    <skipped/>
  </testcase> <!-- verifyLogoIsPresent -->
  <system-out/>
</testsuite> <!-- selenium.test.HomePageTest -->
