<?xml version="1.0" encoding="UTF-8"?>
<!-- Generated by org.testng.reporters.JUnitReportReporter -->
<testsuite skipped="5" hostname="Nany-Guerrero.local" name="restAssured.test.ProductTest" tests="6" failures="0" timestamp="2022-04-21T17:47:20 ART" time="4.346" errors="0">
  <testcase name="getProductCategoryOne" time="4.346" classname="restAssured.test.ProductTest"/>
  <system-out/>
  <testcase name="createProduct" classname="restAssured.test.ProductTest">
    <skipped/>
  </testcase> <!-- createProduct -->
  <system-out/>
  <testcase name="getProductCategory" classname="restAssured.test.ProductTest">
    <skipped/>
  </testcase> <!-- getProductCategory -->
  <system-out/>
  <testcase name="getSingleProduct" classname="restAssured.test.ProductTest">
    <skipped/>
  </testcase> <!-- getSingleProduct -->
  <system-out/>
  <testcase name="getProductsAndOrder" classname="restAssured.test.ProductTest">
    <skipped/>
  </testcase> <!-- getProductsAndOrder -->
  <system-out/>
  <testcase name="getProducts" classname="restAssured.test.ProductTest">
    <skipped/>
  </testcase> <!-- getProducts -->
  <system-out/>
</testsuite> <!-- restAssured.test.ProductTest -->
